{"C:\\Users\\mario\\OneDrive\\Υπολογιστής\\CODING FACTORY\\CF7-Node\\usersapp\\app.js": {"path":"C:\\Users\\mario\\OneDrive\\Υπολογιστής\\CODING FACTORY\\CF7-Node\\usersapp\\app.js","statementMap":{"0":{"start":{"line":1,"column":16},"end":{"line":1,"column":34}},"1":{"start":{"line":2,"column":12},"end":{"line":2,"column":21}},"2":{"start":{"line":3,"column":13},"end":{"line":3,"column":28}},"3":{"start":{"line":5,"column":0},"end":{"line":5,"column":24}},"4":{"start":{"line":6,"column":0},"end":{"line":6,"column":46}},"5":{"start":{"line":8,"column":18},"end":{"line":8,"column":47}},"6":{"start":{"line":9,"column":24},"end":{"line":9,"column":44}},"7":{"start":{"line":11,"column":13},"end":{"line":11,"column":44}},"8":{"start":{"line":12,"column":20},"end":{"line":12,"column":60}},"9":{"start":{"line":13,"column":13},"end":{"line":13,"column":44}},"10":{"start":{"line":15,"column":0},"end":{"line":18,"column":3}},"11":{"start":{"line":20,"column":0},"end":{"line":20,"column":27}},"12":{"start":{"line":21,"column":0},"end":{"line":21,"column":28}},"13":{"start":{"line":22,"column":0},"end":{"line":22,"column":42}},"14":{"start":{"line":24,"column":0},"end":{"line":24,"column":37}},"15":{"start":{"line":26,"column":0},"end":{"line":30,"column":2}},"16":{"start":{"line":32,"column":0},"end":{"line":32,"column":20}}},"fnMap":{},"branchMap":{},"s":{"0":1,"1":1,"2":1,"3":1,"4":1,"5":1,"6":1,"7":1,"8":1,"9":1,"10":1,"11":1,"12":1,"13":1,"14":1,"15":1,"16":1},"f":{},"b":{},"_coverageSchema":"1a1c01bbd47fc00a2c39e90264f33305004495a9","hash":"9a459fb56d8b94885b8ac793f227644fe68398f3"}
,"C:\\Users\\mario\\OneDrive\\Υπολογιστής\\CODING FACTORY\\CF7-Node\\usersapp\\swagger.js": {"path":"C:\\Users\\mario\\OneDrive\\Υπολογιστής\\CODING FACTORY\\CF7-Node\\usersapp\\swagger.js","statementMap":{"0":{"start":{"line":1,"column":12},"end":{"line":1,"column":42}},"1":{"start":{"line":2,"column":13},"end":{"line":2,"column":43}},"2":{"start":{"line":4,"column":0},"end":{"line":257,"column":1}}},"fnMap":{},"branchMap":{},"s":{"0":1,"1":1,"2":1},"f":{},"b":{},"_coverageSchema":"1a1c01bbd47fc00a2c39e90264f33305004495a9","hash":"2576f4ccd24813da224996ff8b7c148470f2db05"}
,"C:\\Users\\mario\\OneDrive\\Υπολογιστής\\CODING FACTORY\\CF7-Node\\usersapp\\controllers\\auth.controller.js": {"path":"C:\\Users\\mario\\OneDrive\\Υπολογιστής\\CODING FACTORY\\CF7-Node\\usersapp\\controllers\\auth.controller.js","statementMap":{"0":{"start":{"line":1,"column":15},"end":{"line":1,"column":32}},"1":{"start":{"line":2,"column":13},"end":{"line":2,"column":44}},"2":{"start":{"line":3,"column":20},"end":{"line":3,"column":55}},"3":{"start":{"line":5,"column":0},"end":{"line":24,"column":1}},"4":{"start":{"line":6,"column":2},"end":{"line":6,"column":37}},"5":{"start":{"line":8,"column":19},"end":{"line":8,"column":36}},"6":{"start":{"line":9,"column":19},"end":{"line":9,"column":36}},"7":{"start":{"line":10,"column":2},"end":{"line":23,"column":3}},"8":{"start":{"line":11,"column":19},"end":{"line":11,"column":104}},"9":{"start":{"line":12,"column":20},"end":{"line":12,"column":67}},"10":{"start":{"line":14,"column":4},"end":{"line":19,"column":5}},"11":{"start":{"line":15,"column":20},"end":{"line":15,"column":59}},"12":{"start":{"line":16,"column":6},"end":{"line":16,"column":57}},"13":{"start":{"line":18,"column":6},"end":{"line":18,"column":73}},"14":{"start":{"line":21,"column":4},"end":{"line":21,"column":42}},"15":{"start":{"line":22,"column":4},"end":{"line":22,"column":54}},"16":{"start":{"line":26,"column":0},"end":{"line":40,"column":1}},"17":{"start":{"line":27,"column":15},"end":{"line":27,"column":29}},"18":{"start":{"line":29,"column":2},"end":{"line":39,"column":3}},"19":{"start":{"line":30,"column":4},"end":{"line":30,"column":81}},"20":{"start":{"line":32,"column":15},"end":{"line":32,"column":49}},"21":{"start":{"line":33,"column":4},"end":{"line":38,"column":5}},"22":{"start":{"line":34,"column":6},"end":{"line":34,"column":30}},"23":{"start":{"line":35,"column":6},"end":{"line":35,"column":54}},"24":{"start":{"line":37,"column":6},"end":{"line":37,"column":75}}},"fnMap":{"0":{"name":"(anonymous_0)","decl":{"start":{"line":5,"column":16},"end":{"line":5,"column":17}},"loc":{"start":{"line":5,"column":36},"end":{"line":24,"column":1}},"line":5},"1":{"name":"(anonymous_1)","decl":{"start":{"line":26,"column":22},"end":{"line":26,"column":23}},"loc":{"start":{"line":26,"column":41},"end":{"line":40,"column":1}},"line":26}},"branchMap":{"0":{"loc":{"start":{"line":14,"column":4},"end":{"line":19,"column":5}},"type":"if","locations":[{"start":{"line":14,"column":4},"end":{"line":19,"column":5}},{"start":{"line":17,"column":11},"end":{"line":19,"column":5}}],"line":14},"1":{"loc":{"start":{"line":14,"column":8},"end":{"line":14,"column":57}},"type":"binary-expr","locations":[{"start":{"line":14,"column":8},"end":{"line":14,"column":14}},{"start":{"line":14,"column":18},"end":{"line":14,"column":46}},{"start":{"line":14,"column":50},"end":{"line":14,"column":57}}],"line":14},"2":{"loc":{"start":{"line":29,"column":2},"end":{"line":39,"column":3}},"type":"if","locations":[{"start":{"line":29,"column":2},"end":{"line":39,"column":3}},{"start":{"line":31,"column":8},"end":{"line":39,"column":3}}],"line":29},"3":{"loc":{"start":{"line":33,"column":4},"end":{"line":38,"column":5}},"type":"if","locations":[{"start":{"line":33,"column":4},"end":{"line":38,"column":5}},{"start":{"line":36,"column":9},"end":{"line":38,"column":5}}],"line":33}},"s":{"0":1,"1":1,"2":1,"3":1,"4":0,"5":0,"6":0,"7":0,"8":0,"9":0,"10":0,"11":0,"12":0,"13":0,"14":0,"15":0,"16":1,"17":0,"18":0,"19":0,"20":0,"21":0,"22":0,"23":0,"24":0},"f":{"0":0,"1":0},"b":{"0":[0,0],"1":[0,0,0],"2":[0,0],"3":[0,0]},"_coverageSchema":"1a1c01bbd47fc00a2c39e90264f33305004495a9","hash":"13303294e1ae6ade33d11633292f7b9904f16cf9"}
,"C:\\Users\\mario\\OneDrive\\Υπολογιστής\\CODING FACTORY\\CF7-Node\\usersapp\\controllers\\user.controller.js": {"path":"C:\\Users\\mario\\OneDrive\\Υπολογιστής\\CODING FACTORY\\CF7-Node\\usersapp\\controllers\\user.controller.js","statementMap":{"0":{"start":{"line":2,"column":13},"end":{"line":2,"column":44}},"1":{"start":{"line":3,"column":20},"end":{"line":3,"column":56}},"2":{"start":{"line":4,"column":15},"end":{"line":4,"column":32}},"3":{"start":{"line":5,"column":15},"end":{"line":5,"column":42}},"4":{"start":{"line":7,"column":0},"end":{"line":20,"column":1}},"5":{"start":{"line":8,"column":2},"end":{"line":8,"column":53}},"6":{"start":{"line":10,"column":2},"end":{"line":19,"column":3}},"7":{"start":{"line":12,"column":19},"end":{"line":12,"column":46}},"8":{"start":{"line":13,"column":4},"end":{"line":13,"column":56}},"9":{"start":{"line":14,"column":4},"end":{"line":14,"column":47}},"10":{"start":{"line":16,"column":4},"end":{"line":16,"column":48}},"11":{"start":{"line":17,"column":4},"end":{"line":17,"column":52}},"12":{"start":{"line":18,"column":4},"end":{"line":18,"column":54}},"13":{"start":{"line":22,"column":0},"end":{"line":40,"column":1}},"14":{"start":{"line":24,"column":17},"end":{"line":24,"column":36}},"15":{"start":{"line":25,"column":2},"end":{"line":25,"column":49}},"16":{"start":{"line":27,"column":2},"end":{"line":39,"column":3}},"17":{"start":{"line":30,"column":19},"end":{"line":30,"column":54}},"18":{"start":{"line":31,"column":4},"end":{"line":35,"column":5}},"19":{"start":{"line":32,"column":6},"end":{"line":32,"column":58}},"20":{"start":{"line":34,"column":6},"end":{"line":34,"column":70}},"21":{"start":{"line":37,"column":4},"end":{"line":37,"column":47}},"22":{"start":{"line":38,"column":4},"end":{"line":38,"column":54}},"23":{"start":{"line":42,"column":0},"end":{"line":73,"column":1}},"24":{"start":{"line":43,"column":2},"end":{"line":43,"column":28}},"25":{"start":{"line":45,"column":13},"end":{"line":45,"column":21}},"26":{"start":{"line":46,"column":23},"end":{"line":46,"column":25}},"27":{"start":{"line":47,"column":23},"end":{"line":47,"column":25}},"28":{"start":{"line":48,"column":2},"end":{"line":51,"column":3}},"29":{"start":{"line":49,"column":4},"end":{"line":49,"column":67}},"30":{"start":{"line":52,"column":18},"end":{"line":62,"column":4}},"31":{"start":{"line":64,"column":2},"end":{"line":72,"column":3}},"32":{"start":{"line":65,"column":19},"end":{"line":65,"column":39}},"33":{"start":{"line":66,"column":4},"end":{"line":66,"column":66}},"34":{"start":{"line":67,"column":4},"end":{"line":67,"column":56}},"35":{"start":{"line":70,"column":4},"end":{"line":70,"column":47}},"36":{"start":{"line":71,"column":4},"end":{"line":71,"column":54}},"37":{"start":{"line":75,"column":0},"end":{"line":99,"column":1}},"38":{"start":{"line":76,"column":19},"end":{"line":76,"column":36}},"39":{"start":{"line":77,"column":2},"end":{"line":77,"column":52}},"40":{"start":{"line":79,"column":21},"end":{"line":88,"column":3}},"41":{"start":{"line":90,"column":2},"end":{"line":98,"column":3}},"42":{"start":{"line":91,"column":19},"end":{"line":91,"column":97}},"43":{"start":{"line":92,"column":4},"end":{"line":92,"column":56}},"44":{"start":{"line":95,"column":4},"end":{"line":95,"column":49}},"45":{"start":{"line":96,"column":4},"end":{"line":96,"column":54}},"46":{"start":{"line":101,"column":0},"end":{"line":112,"column":1}},"47":{"start":{"line":102,"column":19},"end":{"line":102,"column":38}},"48":{"start":{"line":103,"column":2},"end":{"line":103,"column":52}},"49":{"start":{"line":105,"column":2},"end":{"line":111,"column":3}},"50":{"start":{"line":106,"column":19},"end":{"line":106,"column":70}},"51":{"start":{"line":107,"column":4},"end":{"line":107,"column":57}},"52":{"start":{"line":109,"column":4},"end":{"line":109,"column":49}},"53":{"start":{"line":110,"column":4},"end":{"line":110,"column":54}},"54":{"start":{"line":114,"column":0},"end":{"line":126,"column":1}},"55":{"start":{"line":115,"column":19},"end":{"line":115,"column":38}},"56":{"start":{"line":116,"column":16},"end":{"line":116,"column":32}},"57":{"start":{"line":117,"column":2},"end":{"line":117,"column":44}},"58":{"start":{"line":119,"column":2},"end":{"line":125,"column":3}},"59":{"start":{"line":120,"column":19},"end":{"line":120,"column":64}},"60":{"start":{"line":121,"column":4},"end":{"line":121,"column":57}},"61":{"start":{"line":123,"column":4},"end":{"line":123,"column":65}},"62":{"start":{"line":124,"column":4},"end":{"line":124,"column":54}}},"fnMap":{"0":{"name":"(anonymous_0)","decl":{"start":{"line":7,"column":18},"end":{"line":7,"column":19}},"loc":{"start":{"line":7,"column":38},"end":{"line":20,"column":1}},"line":7},"1":{"name":"(anonymous_1)","decl":{"start":{"line":22,"column":18},"end":{"line":22,"column":19}},"loc":{"start":{"line":22,"column":38},"end":{"line":40,"column":1}},"line":22},"2":{"name":"(anonymous_2)","decl":{"start":{"line":42,"column":17},"end":{"line":42,"column":18}},"loc":{"start":{"line":42,"column":37},"end":{"line":73,"column":1}},"line":42},"3":{"name":"(anonymous_3)","decl":{"start":{"line":75,"column":17},"end":{"line":75,"column":18}},"loc":{"start":{"line":75,"column":37},"end":{"line":99,"column":1}},"line":75},"4":{"name":"(anonymous_4)","decl":{"start":{"line":101,"column":27},"end":{"line":101,"column":28}},"loc":{"start":{"line":101,"column":47},"end":{"line":112,"column":1}},"line":101},"5":{"name":"(anonymous_5)","decl":{"start":{"line":114,"column":24},"end":{"line":114,"column":25}},"loc":{"start":{"line":114,"column":44},"end":{"line":126,"column":1}},"line":114}},"branchMap":{"0":{"loc":{"start":{"line":31,"column":4},"end":{"line":35,"column":5}},"type":"if","locations":[{"start":{"line":31,"column":4},"end":{"line":35,"column":5}},{"start":{"line":33,"column":11},"end":{"line":35,"column":5}}],"line":31},"1":{"loc":{"start":{"line":48,"column":2},"end":{"line":51,"column":3}},"type":"if","locations":[{"start":{"line":48,"column":2},"end":{"line":51,"column":3}},{"start":{},"end":{}}],"line":48}},"s":{"0":1,"1":1,"2":1,"3":1,"4":1,"5":1,"6":1,"7":1,"8":1,"9":1,"10":0,"11":0,"12":0,"13":1,"14":1,"15":1,"16":1,"17":1,"18":1,"19":1,"20":0,"21":0,"22":0,"23":1,"24":4,"25":4,"26":4,"27":4,"28":4,"29":3,"30":4,"31":4,"32":4,"33":1,"34":1,"35":3,"36":3,"37":1,"38":0,"39":0,"40":0,"41":0,"42":0,"43":0,"44":0,"45":0,"46":1,"47":0,"48":0,"49":0,"50":0,"51":0,"52":0,"53":0,"54":1,"55":0,"56":0,"57":0,"58":0,"59":0,"60":0,"61":0,"62":0},"f":{"0":1,"1":1,"2":4,"3":0,"4":0,"5":0},"b":{"0":[1,0],"1":[3,1]},"_coverageSchema":"1a1c01bbd47fc00a2c39e90264f33305004495a9","hash":"404ec84a343aa8d10c3f996bf745bd8f95756f0d"}
,"C:\\Users\\mario\\OneDrive\\Υπολογιστής\\CODING FACTORY\\CF7-Node\\usersapp\\controllers\\user.product.controller.js": {"path":"C:\\Users\\mario\\OneDrive\\Υπολογιστής\\CODING FACTORY\\CF7-Node\\usersapp\\controllers\\user.product.controller.js","statementMap":{"0":{"start":{"line":1,"column":13},"end":{"line":1,"column":44}},"1":{"start":{"line":3,"column":0},"end":{"line":13,"column":1}},"2":{"start":{"line":4,"column":2},"end":{"line":4,"column":40}},"3":{"start":{"line":6,"column":2},"end":{"line":12,"column":3}},"4":{"start":{"line":7,"column":19},"end":{"line":7,"column":76}},"5":{"start":{"line":8,"column":4},"end":{"line":8,"column":56}},"6":{"start":{"line":10,"column":4},"end":{"line":10,"column":70}},"7":{"start":{"line":11,"column":4},"end":{"line":11,"column":54}},"8":{"start":{"line":15,"column":0},"end":{"line":26,"column":1}},"9":{"start":{"line":16,"column":2},"end":{"line":16,"column":48}},"10":{"start":{"line":17,"column":19},"end":{"line":17,"column":38}},"11":{"start":{"line":19,"column":2},"end":{"line":25,"column":3}},"12":{"start":{"line":20,"column":19},"end":{"line":20,"column":99}},"13":{"start":{"line":21,"column":4},"end":{"line":21,"column":56}},"14":{"start":{"line":23,"column":4},"end":{"line":23,"column":61}},"15":{"start":{"line":24,"column":4},"end":{"line":24,"column":54}},"16":{"start":{"line":28,"column":0},"end":{"line":48,"column":1}},"17":{"start":{"line":29,"column":2},"end":{"line":29,"column":40}},"18":{"start":{"line":30,"column":19},"end":{"line":30,"column":36}},"19":{"start":{"line":31,"column":19},"end":{"line":31,"column":36}},"20":{"start":{"line":33,"column":2},"end":{"line":47,"column":3}},"21":{"start":{"line":34,"column":19},"end":{"line":41,"column":5}},"22":{"start":{"line":42,"column":4},"end":{"line":42,"column":56}},"23":{"start":{"line":44,"column":4},"end":{"line":44,"column":53}},"24":{"start":{"line":45,"column":4},"end":{"line":45,"column":54}},"25":{"start":{"line":50,"column":0},"end":{"line":70,"column":1}},"26":{"start":{"line":51,"column":19},"end":{"line":51,"column":36}},"27":{"start":{"line":52,"column":21},"end":{"line":52,"column":41}},"28":{"start":{"line":53,"column":27},"end":{"line":53,"column":52}},"29":{"start":{"line":54,"column":2},"end":{"line":54,"column":55}},"30":{"start":{"line":56,"column":2},"end":{"line":69,"column":3}},"31":{"start":{"line":57,"column":19},"end":{"line":64,"column":5}},"32":{"start":{"line":65,"column":4},"end":{"line":65,"column":54}},"33":{"start":{"line":67,"column":4},"end":{"line":67,"column":47}},"34":{"start":{"line":68,"column":4},"end":{"line":68,"column":51}},"35":{"start":{"line":72,"column":0},"end":{"line":92,"column":1}},"36":{"start":{"line":73,"column":19},"end":{"line":73,"column":38}},"37":{"start":{"line":74,"column":21},"end":{"line":74,"column":34}},"38":{"start":{"line":76,"column":2},"end":{"line":76,"column":51}},"39":{"start":{"line":78,"column":2},"end":{"line":91,"column":3}},"40":{"start":{"line":79,"column":19},"end":{"line":86,"column":5}},"41":{"start":{"line":87,"column":4},"end":{"line":87,"column":52}},"42":{"start":{"line":89,"column":4},"end":{"line":89,"column":51}},"43":{"start":{"line":90,"column":4},"end":{"line":90,"column":50}},"44":{"start":{"line":94,"column":0},"end":{"line":125,"column":1}},"45":{"start":{"line":95,"column":2},"end":{"line":95,"column":81}},"46":{"start":{"line":97,"column":2},"end":{"line":124,"column":3}},"47":{"start":{"line":98,"column":19},"end":{"line":119,"column":6}},"48":{"start":{"line":120,"column":4},"end":{"line":120,"column":52}},"49":{"start":{"line":122,"column":4},"end":{"line":122,"column":41}},"50":{"start":{"line":123,"column":4},"end":{"line":123,"column":50}}},"fnMap":{"0":{"name":"(anonymous_0)","decl":{"start":{"line":3,"column":18},"end":{"line":3,"column":19}},"loc":{"start":{"line":3,"column":38},"end":{"line":13,"column":1}},"line":3},"1":{"name":"(anonymous_1)","decl":{"start":{"line":15,"column":18},"end":{"line":15,"column":19}},"loc":{"start":{"line":15,"column":38},"end":{"line":26,"column":1}},"line":15},"2":{"name":"(anonymous_2)","decl":{"start":{"line":28,"column":17},"end":{"line":28,"column":18}},"loc":{"start":{"line":28,"column":37},"end":{"line":48,"column":1}},"line":28},"3":{"name":"(anonymous_3)","decl":{"start":{"line":50,"column":17},"end":{"line":50,"column":18}},"loc":{"start":{"line":50,"column":37},"end":{"line":70,"column":1}},"line":50},"4":{"name":"(anonymous_4)","decl":{"start":{"line":72,"column":17},"end":{"line":72,"column":18}},"loc":{"start":{"line":72,"column":37},"end":{"line":92,"column":1}},"line":72},"5":{"name":"(anonymous_5)","decl":{"start":{"line":94,"column":17},"end":{"line":94,"column":18}},"loc":{"start":{"line":94,"column":37},"end":{"line":125,"column":1}},"line":94}},"branchMap":{},"s":{"0":1,"1":1,"2":0,"3":0,"4":0,"5":0,"6":0,"7":0,"8":1,"9":0,"10":0,"11":0,"12":0,"13":0,"14":0,"15":0,"16":1,"17":0,"18":0,"19":0,"20":0,"21":0,"22":0,"23":0,"24":0,"25":1,"26":0,"27":0,"28":0,"29":0,"30":0,"31":0,"32":0,"33":0,"34":0,"35":1,"36":0,"37":0,"38":0,"39":0,"40":0,"41":0,"42":0,"43":0,"44":1,"45":0,"46":0,"47":0,"48":0,"49":0,"50":0},"f":{"0":0,"1":0,"2":0,"3":0,"4":0,"5":0},"b":{},"_coverageSchema":"1a1c01bbd47fc00a2c39e90264f33305004495a9","hash":"f68b5bd1acf4622f1b92b8ea53fa16e4a869d6c6"}
,"C:\\Users\\mario\\OneDrive\\Υπολογιστής\\CODING FACTORY\\CF7-Node\\usersapp\\logger\\logger.js": {"path":"C:\\Users\\mario\\OneDrive\\Υπολογιστής\\CODING FACTORY\\CF7-Node\\usersapp\\logger\\logger.js","statementMap":{"0":{"start":{"line":36,"column":2},"end":{"line":36,"column":29}},"1":{"start":{"line":39,"column":0},"end":{"line":39,"column":36}},"2":{"start":{"line":40,"column":0},"end":{"line":40,"column":26}},"3":{"start":{"line":41,"column":44},"end":{"line":41,"column":62}},"4":{"start":{"line":42,"column":44},"end":{"line":42,"column":50}},"5":{"start":{"line":43,"column":17},"end":{"line":43,"column":36}},"6":{"start":{"line":44,"column":28},"end":{"line":49,"column":2}},"7":{"start":{"line":51,"column":15},"end":{"line":83,"column":2}},"8":{"start":{"line":86,"column":0},"end":{"line":86,"column":23}}},"fnMap":{},"branchMap":{},"s":{"0":1,"1":1,"2":1,"3":1,"4":1,"5":1,"6":1,"7":1,"8":1},"f":{},"b":{},"_coverageSchema":"1a1c01bbd47fc00a2c39e90264f33305004495a9","hash":"0c58c948bc9cdcfacb083d70bf01776e5b1cb7ab"}
,"C:\\Users\\mario\\OneDrive\\Υπολογιστής\\CODING FACTORY\\CF7-Node\\usersapp\\middlewares\\auth.middleware.js": {"path":"C:\\Users\\mario\\OneDrive\\Υπολογιστής\\CODING FACTORY\\CF7-Node\\usersapp\\middlewares\\auth.middleware.js","statementMap":{"0":{"start":{"line":1,"column":12},"end":{"line":1,"column":35}},"1":{"start":{"line":2,"column":20},"end":{"line":2,"column":55}},"2":{"start":{"line":5,"column":21},"end":{"line":5,"column":49}},"3":{"start":{"line":6,"column":16},"end":{"line":6,"column":53}},"4":{"start":{"line":8,"column":2},"end":{"line":10,"column":3}},"5":{"start":{"line":9,"column":4},"end":{"line":9,"column":95}},"6":{"start":{"line":12,"column":17},"end":{"line":12,"column":53}},"7":{"start":{"line":14,"column":2},"end":{"line":19,"column":3}},"8":{"start":{"line":15,"column":4},"end":{"line":15,"column":26}},"9":{"start":{"line":16,"column":4},"end":{"line":16,"column":10}},"10":{"start":{"line":18,"column":4},"end":{"line":18,"column":69}},"11":{"start":{"line":24,"column":2},"end":{"line":35,"column":3}},"12":{"start":{"line":25,"column":4},"end":{"line":27,"column":5}},"13":{"start":{"line":26,"column":6},"end":{"line":26,"column":87}},"14":{"start":{"line":28,"column":22},"end":{"line":28,"column":36}},"15":{"start":{"line":29,"column":26},"end":{"line":29,"column":57}},"16":{"start":{"line":31,"column":4},"end":{"line":33,"column":5}},"17":{"start":{"line":32,"column":6},"end":{"line":32,"column":97}},"18":{"start":{"line":34,"column":4},"end":{"line":34,"column":10}},"19":{"start":{"line":38,"column":0},"end":{"line":38,"column":44}}},"fnMap":{"0":{"name":"verifyToken","decl":{"start":{"line":4,"column":9},"end":{"line":4,"column":20}},"loc":{"start":{"line":4,"column":37},"end":{"line":21,"column":1}},"line":4},"1":{"name":"verifyRoles","decl":{"start":{"line":23,"column":9},"end":{"line":23,"column":20}},"loc":{"start":{"line":23,"column":34},"end":{"line":36,"column":1}},"line":23},"2":{"name":"(anonymous_2)","decl":{"start":{"line":24,"column":9},"end":{"line":24,"column":10}},"loc":{"start":{"line":24,"column":29},"end":{"line":35,"column":3}},"line":24}},"branchMap":{"0":{"loc":{"start":{"line":6,"column":16},"end":{"line":6,"column":53}},"type":"binary-expr","locations":[{"start":{"line":6,"column":16},"end":{"line":6,"column":26}},{"start":{"line":6,"column":30},"end":{"line":6,"column":53}}],"line":6},"1":{"loc":{"start":{"line":8,"column":2},"end":{"line":10,"column":3}},"type":"if","locations":[{"start":{"line":8,"column":2},"end":{"line":10,"column":3}},{"start":{},"end":{}}],"line":8},"2":{"loc":{"start":{"line":14,"column":2},"end":{"line":19,"column":3}},"type":"if","locations":[{"start":{"line":14,"column":2},"end":{"line":19,"column":3}},{"start":{"line":17,"column":9},"end":{"line":19,"column":3}}],"line":14},"3":{"loc":{"start":{"line":25,"column":4},"end":{"line":27,"column":5}},"type":"if","locations":[{"start":{"line":25,"column":4},"end":{"line":27,"column":5}},{"start":{},"end":{}}],"line":25},"4":{"loc":{"start":{"line":25,"column":9},"end":{"line":25,"column":37}},"type":"binary-expr","locations":[{"start":{"line":25,"column":9},"end":{"line":25,"column":18}},{"start":{"line":25,"column":22},"end":{"line":25,"column":37}}],"line":25},"5":{"loc":{"start":{"line":31,"column":4},"end":{"line":33,"column":5}},"type":"if","locations":[{"start":{"line":31,"column":4},"end":{"line":33,"column":5}},{"start":{},"end":{}}],"line":31}},"s":{"0":1,"1":1,"2":6,"3":6,"4":6,"5":0,"6":6,"7":6,"8":6,"9":6,"10":0,"11":0,"12":0,"13":0,"14":0,"15":0,"16":0,"17":0,"18":0,"19":1},"f":{"0":6,"1":0,"2":0},"b":{"0":[6,6],"1":[0,6],"2":[6,0],"3":[0,0],"4":[0,0],"5":[0,0]},"_coverageSchema":"1a1c01bbd47fc00a2c39e90264f33305004495a9","hash":"fffc373c8c8b631614c451a79f945323a612ae8c"}
,"C:\\Users\\mario\\OneDrive\\Υπολογιστής\\CODING FACTORY\\CF7-Node\\usersapp\\models\\user.model.js": {"path":"C:\\Users\\mario\\OneDrive\\Υπολογιστής\\CODING FACTORY\\CF7-Node\\usersapp\\models\\user.model.js","statementMap":{"0":{"start":{"line":1,"column":17},"end":{"line":1,"column":36}},"1":{"start":{"line":3,"column":15},"end":{"line":3,"column":30}},"2":{"start":{"line":5,"column":20},"end":{"line":9,"column":18}},"3":{"start":{"line":11,"column":18},"end":{"line":14,"column":18}},"4":{"start":{"line":16,"column":21},"end":{"line":21,"column":2}},"5":{"start":{"line":23,"column":17},"end":{"line":64,"column":1}},"6":{"start":{"line":66,"column":0},"end":{"line":66,"column":51}}},"fnMap":{},"branchMap":{},"s":{"0":1,"1":1,"2":1,"3":1,"4":1,"5":1,"6":1},"f":{},"b":{},"_coverageSchema":"1a1c01bbd47fc00a2c39e90264f33305004495a9","hash":"31cac8a2834d7fd44dfe3e64798792647cb7d14f"}
,"C:\\Users\\mario\\OneDrive\\Υπολογιστής\\CODING FACTORY\\CF7-Node\\usersapp\\routes\\auth.routes.js": {"path":"C:\\Users\\mario\\OneDrive\\Υπολογιστής\\CODING FACTORY\\CF7-Node\\usersapp\\routes\\auth.routes.js","statementMap":{"0":{"start":{"line":1,"column":16},"end":{"line":1,"column":34}},"1":{"start":{"line":2,"column":15},"end":{"line":2,"column":31}},"2":{"start":{"line":5,"column":23},"end":{"line":5,"column":64}},"3":{"start":{"line":7,"column":0},"end":{"line":7,"column":43}},"4":{"start":{"line":8,"column":0},"end":{"line":8,"column":58}},"5":{"start":{"line":10,"column":0},"end":{"line":10,"column":24}}},"fnMap":{},"branchMap":{},"s":{"0":1,"1":1,"2":1,"3":1,"4":1,"5":1},"f":{},"b":{},"_coverageSchema":"1a1c01bbd47fc00a2c39e90264f33305004495a9","hash":"77bddb8ba77a5b99306b59a7e82bad0c86d07528"}
,"C:\\Users\\mario\\OneDrive\\Υπολογιστής\\CODING FACTORY\\CF7-Node\\usersapp\\routes\\user.products.routes.js": {"path":"C:\\Users\\mario\\OneDrive\\Υπολογιστής\\CODING FACTORY\\CF7-Node\\usersapp\\routes\\user.products.routes.js","statementMap":{"0":{"start":{"line":1,"column":16},"end":{"line":1,"column":34}},"1":{"start":{"line":2,"column":15},"end":{"line":2,"column":31}},"2":{"start":{"line":4,"column":30},"end":{"line":4,"column":79}},"3":{"start":{"line":6,"column":0},"end":{"line":6,"column":46}},"4":{"start":{"line":7,"column":0},"end":{"line":7,"column":55}},"5":{"start":{"line":8,"column":0},"end":{"line":8,"column":46}},"6":{"start":{"line":9,"column":0},"end":{"line":9,"column":56}},"7":{"start":{"line":10,"column":0},"end":{"line":10,"column":70}},"8":{"start":{"line":11,"column":0},"end":{"line":11,"column":58}},"9":{"start":{"line":12,"column":0},"end":{"line":12,"column":24}}},"fnMap":{},"branchMap":{},"s":{"0":1,"1":1,"2":1,"3":1,"4":1,"5":1,"6":1,"7":1,"8":1,"9":1},"f":{},"b":{},"_coverageSchema":"1a1c01bbd47fc00a2c39e90264f33305004495a9","hash":"748421ebbddb1d59cd50f1c334a164f988667793"}
,"C:\\Users\\mario\\OneDrive\\Υπολογιστής\\CODING FACTORY\\CF7-Node\\usersapp\\routes\\user.routes.js": {"path":"C:\\Users\\mario\\OneDrive\\Υπολογιστής\\CODING FACTORY\\CF7-Node\\usersapp\\routes\\user.routes.js","statementMap":{"0":{"start":{"line":1,"column":16},"end":{"line":1,"column":34}},"1":{"start":{"line":2,"column":15},"end":{"line":2,"column":31}},"2":{"start":{"line":4,"column":23},"end":{"line":4,"column":64}},"3":{"start":{"line":5,"column":20},"end":{"line":5,"column":73}},"4":{"start":{"line":6,"column":20},"end":{"line":6,"column":73}},"5":{"start":{"line":8,"column":0},"end":{"line":8,"column":53}},"6":{"start":{"line":9,"column":0},"end":{"line":9,"column":61}},"7":{"start":{"line":10,"column":0},"end":{"line":10,"column":52}},"8":{"start":{"line":12,"column":0},"end":{"line":12,"column":62}},"9":{"start":{"line":13,"column":0},"end":{"line":13,"column":73}},"10":{"start":{"line":14,"column":0},"end":{"line":14,"column":83}},"11":{"start":{"line":16,"column":0},"end":{"line":16,"column":24}}},"fnMap":{},"branchMap":{},"s":{"0":1,"1":1,"2":1,"3":1,"4":1,"5":1,"6":1,"7":1,"8":1,"9":1,"10":1,"11":1},"f":{},"b":{},"_coverageSchema":"1a1c01bbd47fc00a2c39e90264f33305004495a9","hash":"bbe99fd001a7827df8a7c353b36d83b6426a4986"}
,"C:\\Users\\mario\\OneDrive\\Υπολογιστής\\CODING FACTORY\\CF7-Node\\usersapp\\services\\auth.service.js": {"path":"C:\\Users\\mario\\OneDrive\\Υπολογιστής\\CODING FACTORY\\CF7-Node\\usersapp\\services\\auth.service.js","statementMap":{"0":{"start":{"line":1,"column":12},"end":{"line":1,"column":35}},"1":{"start":{"line":2,"column":23},"end":{"line":2,"column":53}},"2":{"start":{"line":7,"column":18},"end":{"line":11,"column":3}},"3":{"start":{"line":13,"column":17},"end":{"line":13,"column":41}},"4":{"start":{"line":14,"column":18},"end":{"line":14,"column":35}},"5":{"start":{"line":16,"column":2},"end":{"line":16,"column":43}},"6":{"start":{"line":20,"column":17},"end":{"line":20,"column":41}},"7":{"start":{"line":22,"column":2},"end":{"line":28,"column":3}},"8":{"start":{"line":23,"column":20},"end":{"line":23,"column":57}},"9":{"start":{"line":24,"column":4},"end":{"line":24,"column":39}},"10":{"start":{"line":25,"column":4},"end":{"line":25,"column":40}},"11":{"start":{"line":27,"column":4},"end":{"line":27,"column":47}},"12":{"start":{"line":32,"column":2},"end":{"line":32,"column":36}},"13":{"start":{"line":33,"column":20},"end":{"line":33,"column":48}},"14":{"start":{"line":34,"column":24},"end":{"line":34,"column":56}},"15":{"start":{"line":35,"column":23},"end":{"line":35,"column":47}},"16":{"start":{"line":37,"column":23},"end":{"line":37,"column":79}},"17":{"start":{"line":39,"column":2},"end":{"line":54,"column":3}},"18":{"start":{"line":41,"column":20},"end":{"line":41,"column":53}},"19":{"start":{"line":42,"column":4},"end":{"line":42,"column":39}},"20":{"start":{"line":43,"column":19},"end":{"line":46,"column":6}},"21":{"start":{"line":48,"column":21},"end":{"line":48,"column":46}},"22":{"start":{"line":49,"column":4},"end":{"line":49,"column":40}},"23":{"start":{"line":50,"column":4},"end":{"line":50,"column":35}},"24":{"start":{"line":52,"column":4},"end":{"line":52,"column":56}},"25":{"start":{"line":53,"column":4},"end":{"line":53,"column":55}},"26":{"start":{"line":57,"column":0},"end":{"line":57,"column":69}}},"fnMap":{"0":{"name":"generateAccessToken","decl":{"start":{"line":4,"column":9},"end":{"line":4,"column":28}},"loc":{"start":{"line":4,"column":35},"end":{"line":17,"column":1}},"line":4},"1":{"name":"verifyAccessToken","decl":{"start":{"line":19,"column":9},"end":{"line":19,"column":26}},"loc":{"start":{"line":19,"column":34},"end":{"line":29,"column":1}},"line":19},"2":{"name":"googleAuth","decl":{"start":{"line":31,"column":15},"end":{"line":31,"column":25}},"loc":{"start":{"line":31,"column":31},"end":{"line":55,"column":1}},"line":31}},"branchMap":{},"s":{"0":1,"1":1,"2":2,"3":2,"4":2,"5":2,"6":6,"7":6,"8":6,"9":0,"10":0,"11":6,"12":0,"13":0,"14":0,"15":0,"16":0,"17":0,"18":0,"19":0,"20":0,"21":0,"22":0,"23":0,"24":0,"25":0,"26":1},"f":{"0":2,"1":6,"2":0},"b":{},"_coverageSchema":"1a1c01bbd47fc00a2c39e90264f33305004495a9","hash":"a6e81eb841406bc5e1592efb6fd26135ca6b7d2a"}
,"C:\\Users\\mario\\OneDrive\\Υπολογιστής\\CODING FACTORY\\CF7-Node\\usersapp\\services\\user.services.js": {"path":"C:\\Users\\mario\\OneDrive\\Υπολογιστής\\CODING FACTORY\\CF7-Node\\usersapp\\services\\user.services.js","statementMap":{"0":{"start":{"line":1,"column":13},"end":{"line":1,"column":44}},"1":{"start":{"line":4,"column":17},"end":{"line":4,"column":28}},"2":{"start":{"line":5,"column":2},"end":{"line":5,"column":16}},"3":{"start":{"line":9,"column":17},"end":{"line":9,"column":53}},"4":{"start":{"line":10,"column":2},"end":{"line":10,"column":15}},"5":{"start":{"line":13,"column":0},"end":{"line":13,"column":59}},"6":{"start":{"line":16,"column":2},"end":{"line":16,"column":40}},"7":{"start":{"line":18,"column":2},"end":{"line":25,"column":3}},"8":{"start":{"line":19,"column":19},"end":{"line":19,"column":63}},"9":{"start":{"line":20,"column":4},"end":{"line":20,"column":76}},"10":{"start":{"line":21,"column":4},"end":{"line":21,"column":20}},"11":{"start":{"line":23,"column":4},"end":{"line":23,"column":61}},"12":{"start":{"line":24,"column":4},"end":{"line":24,"column":16}}},"fnMap":{"0":{"name":"findAll","decl":{"start":{"line":3,"column":9},"end":{"line":3,"column":16}},"loc":{"start":{"line":3,"column":19},"end":{"line":6,"column":1}},"line":3},"1":{"name":"findOne","decl":{"start":{"line":8,"column":9},"end":{"line":8,"column":16}},"loc":{"start":{"line":8,"column":27},"end":{"line":11,"column":1}},"line":8},"2":{"name":"findLastInsertedUser","decl":{"start":{"line":15,"column":15},"end":{"line":15,"column":35}},"loc":{"start":{"line":15,"column":38},"end":{"line":26,"column":1}},"line":15}},"branchMap":{},"s":{"0":1,"1":1,"2":1,"3":1,"4":1,"5":1,"6":2,"7":2,"8":2,"9":2,"10":2,"11":0,"12":0},"f":{"0":1,"1":1,"2":2},"b":{},"_coverageSchema":"1a1c01bbd47fc00a2c39e90264f33305004495a9","hash":"185a8f3f20a479bff54426381c748caa55b26226"}
}
